Building DAG of jobs...
File path /mnt/diversity/divyaratan_popli/100arc/inbreeding/laurits_writeup/Ch9_rem/neavar/newSim_ibd//hmm_numba/filtered0/merged_relatable_allLikelihoods.csv contains double '/'. This is likely unintended. It can also lead to inconsistent results of the file-matching approach used by Snakemake.
File path /mnt/diversity/divyaratan_popli/100arc/inbreeding/laurits_writeup/Ch9_rem/neavar/newSim_ibd//hmm_numba/filtered0/IBDstates_allLikelihoods.csv contains double '/'. This is likely unintended. It can also lead to inconsistent results of the file-matching approach used by Snakemake.
Using shell: /usr/bin/bash
Provided cores: 1 (use --cores to define parallelism)
Rules claiming more threads will be scaled down.
Job counts:
	count	jobs
	1	lcMLkin
	1

[Thu Dec 16 20:21:24 2021]
rule lcMLkin:
    input: /mnt/diversity/divyaratan_popli/100arc/inbreeding/laurits_writeup/Ch9_rem/neavar/noCh12_9mar_newmodel/lcMLkin/output.relate, /mnt/diversity/divyaratan_popli/100arc/inbreeding/laurits_writeup/Ch9_rem/neavar/newSim_ibd//hmm_numba/filtered0/merged_relatable_allLikelihoods.csv, /mnt/diversity/divyaratan_popli/100arc/inbreeding/laurits_writeup/Ch9_rem/neavar/newSim_ibd//hmm_numba/filtered0/IBDstates_allLikelihoods.csv
    output: plots/lcPlot.png
    jobid: 0

[Thu Dec 16 20:21:25 2021]
Error in rule lcMLkin:
    jobid: 0
    output: plots/lcPlot.png

RuleException:
CalledProcessError in line 84 of /mnt/diversity/divyaratan_popli/100arc/inbreeding/model_git/supplementary_info/Snakefile:
Command 'set -euo pipefail;  Rscript --vanilla /mnt/diversity/divyaratan_popli/100arc/inbreeding/model_git/supplementary_info/.snakemake/scripts/tmp7f013ojd.lcPlot.R' returned non-zero exit status 1.
  File "/mnt/diversity/divyaratan_popli/100arc/inbreeding/model_git/supplementary_info/Snakefile", line 84, in __rule_lcMLkin
  File "/usr/lib/python3.8/concurrent/futures/thread.py", line 57, in run
Shutting down, this might take some time.
Exiting because a job execution failed. Look above for error message
Complete log: /mnt/diversity/divyaratan_popli/100arc/inbreeding/model_git/supplementary_info/.snakemake/log/2021-12-16T202122.373325.snakemake.log
