Building DAG of jobs...
Using shell: /usr/bin/bash
Provided cores: 1 (use --cores to define parallelism)
Rules claiming more threads will be scaled down.
Job stats:
job                      count    min threads    max threads
---------------------  -------  -------------  -------------
supplementary_table23        1              1              1
total                        1              1              1

Select jobs to execute...

[Sun May 15 19:20:15 2022]
rule supplementary_table23:
    input: /home/divyaratan_popli/Documents/bronze_age_data/aax6219_Mittnik_SM_TableS10_kinship_inference.xlsx, /mnt/diversity/divyaratan_popli/100arc/inbreeding/bronze_age_newSim_idcor/hmm_numba/filtered0/merged_relatable_allLikelihoods.csv
    output: tables/supplementary_table2.csv, tables/supplementary_table3.csv
    jobid: 0
    resources: tmpdir=/tmp

[Sun May 15 19:20:18 2022]
Finished job 0.
1 of 1 steps (100%) done
Complete log: /mnt/diversity/divyaratan_popli/100arc/inbreeding/model_git/supplementary_info/.snakemake/log/2022-05-15T192012.793429.snakemake.log
