Building DAG of jobs...
File path /mnt/diversity/divyaratan_popli/100arc/inbreeding/laurits_writeup/Ch9_rem/neavar/newSim_ibd//overlap_fil1 contains double '/'. This is likely unintended. It can also lead to inconsistent results of the file-matching approach used by Snakemake.
File path /mnt/diversity/divyaratan_popli/100arc/inbreeding/laurits_writeup/Ch9_rem/neavar/newSim_ibd//hmm_numba/filtered0/read/READ_results contains double '/'. This is likely unintended. It can also lead to inconsistent results of the file-matching approach used by Snakemake.
Using shell: /usr/bin/bash
Provided cores: 1 (use --cores to define parallelism)
Rules claiming more threads will be scaled down.
Job counts:
	count	jobs
	1	Chagyrskaya
	1

[Fri Feb 18 15:07:09 2022]
rule Chagyrskaya:
    input: /mnt/diversity/divyaratan_popli/100arc/inbreeding/laurits_writeup/Ch9_rem/neavar/newSim_ibd//overlap_fil1, /mnt/diversity/divyaratan_popli/100arc/inbreeding/laurits_writeup/Ch9_rem/neavar/newSim_ibd//hmm_numba/filtered0/read/READ_results
    output: plots/fil0_read_plot.png, plots/fil0_overlap_plot.png
    jobid: 0
    wildcards: Mfil=0

[Fri Feb 18 15:07:13 2022]
Finished job 0.
1 of 1 steps (100%) done
Complete log: /mnt/diversity/divyaratan_popli/100arc/inbreeding/model_git/supplementary_info/.snakemake/log/2022-02-18T150708.516054.snakemake.log
