Building DAG of jobs...
Using shell: /usr/bin/bash
Provided cores: 1 (use --cores to define parallelism)
Rules claiming more threads will be scaled down.
Job stats:
job        count    min threads    max threads
-------  -------  -------------  -------------
egplot1        1              1              1
total          1              1              1

Select jobs to execute...

[Mon May 16 20:48:40 2022]
rule egplot1:
    input: /mnt/diversity/divyaratan_popli/100arc/inbreeding/bronze_age_newSim_idcor/hmm_parameters_fil0/p1_file, /mnt/diversity/divyaratan_popli/100arc/inbreeding/bronze_age_newSim_idcor/mergedwin_remHighdiv_fil0/pw_diff.csv, /mnt/diversity/divyaratan_popli/100arc/inbreeding/bronze_age_newSim_idcor/mergedwin_remHighdiv_fil0/pw_total.csv, /mnt/diversity/divyaratan_popli/100arc/inbreeding/bronze_age_newSim_idcor/mergedwin_fil0/merged_chrm.csv
    output: plots/egplot1.png
    jobid: 0
    resources: tmpdir=/tmp

[Mon May 16 20:48:54 2022]
Finished job 0.
1 of 1 steps (100%) done
Complete log: /mnt/diversity/divyaratan_popli/100arc/inbreeding/model_git/supplementary_info/.snakemake/log/2022-05-16T204838.129244.snakemake.log
