Building DAG of jobs...
Using shell: /usr/bin/bash
Provided cores: 1 (use --cores to define parallelism)
Rules claiming more threads will be scaled down.
Job counts:
	count	jobs
	1	egplot2
	1

[Fri Jan 28 16:25:44 2022]
rule egplot2:
    input: /mnt/diversity/divyaratan_popli/100arc/inbreeding/bronze_age_newSim/hmm_parameters_fil0/p1_file, /mnt/diversity/divyaratan_popli/100arc/inbreeding/bronze_age_newSim/mergedwin_remHighdiv_fil0/pw_diff.csv, /mnt/diversity/divyaratan_popli/100arc/inbreeding/bronze_age_newSim/mergedwin_remHighdiv_fil0/pw_total.csv, /mnt/diversity/divyaratan_popli/100arc/inbreeding/bronze_age_newSim/mergedwin_fil0/merged_chrm.csv
    output: plots/egplot2.png
    jobid: 0

[Fri Jan 28 16:25:59 2022]
Error in rule egplot2:
    jobid: 0
    output: plots/egplot2.png

RuleException:
CalledProcessError in line 206 of /mnt/diversity/divyaratan_popli/100arc/inbreeding/model_git/supplementary_info/Snakefile:
Command 'set -euo pipefail;  Rscript --vanilla /mnt/diversity/divyaratan_popli/100arc/inbreeding/model_git/supplementary_info/.snakemake/scripts/tmp3603jt0m.egplot2.R' returned non-zero exit status 1.
  File "/mnt/diversity/divyaratan_popli/100arc/inbreeding/model_git/supplementary_info/Snakefile", line 206, in __rule_egplot2
  File "/usr/lib/python3.8/concurrent/futures/thread.py", line 57, in run
Shutting down, this might take some time.
Exiting because a job execution failed. Look above for error message
Complete log: /mnt/diversity/divyaratan_popli/100arc/inbreeding/model_git/supplementary_info/.snakemake/log/2022-01-28T162541.977568.snakemake.log
