Building DAG of jobs...
Using shell: /usr/bin/bash
Provided cores: 12
Rules claiming more threads will be scaled down.
Job counts:
	count	jobs
	1	IBDplotf
	1	ROHplotf
	1	all
	1	comparisonplotf
	1	cutoffplotf
	5

[Mon Dec  6 16:59:14 2021]
rule comparisonplotf:
    input: README
    output: comparison_plot_data.csv.gz
    jobid: 4

[Mon Dec  6 16:59:14 2021]
rule cutoffplotf:
    input: README
    output: contam0_inbred0_model_performance_allroc_asc0.csv.gz
    jobid: 3
    wildcards: cnt=0, inb=0, asc=0

[Mon Dec  6 16:59:14 2021]
rule IBDplotf:
    input: README
    output: plot_IBD.csv
    jobid: 2

[Mon Dec  6 16:59:14 2021]
rule ROHplotf:
    input: README
    output: plot_ROH.csv
    jobid: 1

[Mon Dec  6 16:59:16 2021]
Finished job 4.
1 of 5 steps (20%) done
