Building DAG of jobs...
Using shell: /usr/bin/bash
Provided cores: 1 (use --cores to define parallelism)
Rules claiming more threads will be scaled down.
Job counts:
	count	jobs
	1	ROHplot
	1

[Mon Dec  6 17:19:03 2021]
rule ROHplot:
    input: plot_ROH.csv
    output: ROHplot.png
    jobid: 0

Waiting at most 5 seconds for missing files.
MissingOutputException in line 13 of /mnt/diversity/divyaratan_popli/100arc/inbreeding/model_git/plots/Snakefile:
Job completed successfully, but some output files are missing. Missing files after 5 seconds:
ROHplot.png
This might be due to filesystem latency. If that is the case, consider to increase the wait time with --latency-wait.
Shutting down, this might take some time.
Exiting because a job execution failed. Look above for error message
Complete log: /mnt/diversity/divyaratan_popli/100arc/inbreeding/model_git/plots/.snakemake/log/2021-12-06T171902.733269.snakemake.log
