Building DAG of jobs...
Using shell: /usr/bin/bash
Provided cores: 1 (use --cores to define parallelism)
Rules claiming more threads will be scaled down.
Job counts:
	count	jobs
	1	comparisonplot
	1

[Fri Apr 29 18:16:28 2022]
rule comparisonplot:
    input: plotdata/comparison_plot_data.csv.gz
    output: plotimg/comparison_plot.png
    jobid: 0

[Fri Apr 29 18:16:30 2022]
Error in rule comparisonplot:
    jobid: 0
    output: plotimg/comparison_plot.png

RuleException:
CalledProcessError in line 77 of /mnt/diversity/divyaratan_popli/100arc/inbreeding/model_git/plots/Snakefile:
Command 'set -euo pipefail;  Rscript --vanilla /mnt/diversity/divyaratan_popli/100arc/inbreeding/model_git/plots/.snakemake/scripts/tmpwahwuuw4.comparisonPlot.R' returned non-zero exit status 1.
  File "/mnt/diversity/divyaratan_popli/100arc/inbreeding/model_git/plots/Snakefile", line 77, in __rule_comparisonplot
  File "/home/divyaratan_popli/.conda/envs/relcap_env/lib/python3.6/concurrent/futures/thread.py", line 56, in run
Shutting down, this might take some time.
Exiting because a job execution failed. Look above for error message
Complete log: /mnt/diversity/divyaratan_popli/100arc/inbreeding/model_git/plots/.snakemake/log/2022-04-29T181627.039787.snakemake.log
