Building DAG of jobs...
Using shell: /usr/bin/bash
Provided cores: 1 (use --cores to define parallelism)
Rules claiming more threads will be scaled down.
Job stats:
job                           count    min threads    max threads
--------------------------  -------  -------------  -------------
comparisonplotf_supptable4        1              1              1
total                             1              1              1

Select jobs to execute...

[Sun May 15 19:46:03 2022]
rule comparisonplotf_supptable4:
    input: README
    output: plotdata/comparison_plot_data.csv.gz, ../supplementary_info/tables/supplementary_table4.csv
    jobid: 0
    resources: tmpdir=/tmp

[Sun May 15 19:46:08 2022]
Finished job 0.
1 of 1 steps (100%) done
Complete log: /mnt/diversity/divyaratan_popli/100arc/inbreeding/model_git/plots/.snakemake/log/2022-05-15T194600.720776.snakemake.log
