Building DAG of jobs...
Using shell: /usr/bin/bash
Provided cores: 1 (use --cores to define parallelism)
Rules claiming more threads will be scaled down.
Job counts:
	count	jobs
	1	ROHplot
	1

[Thu Jan 20 16:48:11 2022]
rule ROHplot:
    input: plotdata/plot_ROH.csv
    output: plotimg/ROHplot.png
    jobid: 0

[Thu Jan 20 16:48:12 2022]
Error in rule ROHplot:
    jobid: 0
    output: plotimg/ROHplot.png

RuleException:
CalledProcessError in line 21 of /mnt/diversity/divyaratan_popli/100arc/inbreeding/model_git/plots/Snakefile:
Command 'set -euo pipefail;  Rscript --vanilla /mnt/diversity/divyaratan_popli/100arc/inbreeding/model_git/plots/.snakemake/scripts/tmpl04tbfy3.ROHplot.R' returned non-zero exit status 1.
  File "/mnt/diversity/divyaratan_popli/100arc/inbreeding/model_git/plots/Snakefile", line 21, in __rule_ROHplot
  File "/usr/lib/python3.8/concurrent/futures/thread.py", line 57, in run
Shutting down, this might take some time.
Exiting because a job execution failed. Look above for error message
Complete log: /mnt/diversity/divyaratan_popli/100arc/inbreeding/model_git/plots/.snakemake/log/2022-01-20T164811.464293.snakemake.log
