Building DAG of jobs...
Using shell: /usr/bin/bash
Provided cores: 1 (use --cores to define parallelism)
Rules claiming more threads will be scaled down.
Job stats:
job        count    min threads    max threads
-------  -------  -------------  -------------
ROHplot        1              1              1
total          1              1              1

Select jobs to execute...

[Mon May 16 21:28:21 2022]
rule ROHplot:
    input: plotdata/plot_ROH.csv
    output: plotimg/ROHplot.png
    jobid: 0
    resources: tmpdir=/tmp

[Mon May 16 21:28:24 2022]
Finished job 0.
1 of 1 steps (100%) done
Complete log: /mnt/diversity/divyaratan_popli/100arc/inbreeding/model_git/plots/.snakemake/log/2022-05-16T212819.215574.snakemake.log
