Migrating .snakemake folder to new format...
Migration complete
Building DAG of jobs...
Using shell: /usr/bin/bash
Provided cores: 1 (use --cores to define parallelism)
Rules claiming more threads will be scaled down.
Job stats:
job          count    min threads    max threads
---------  -------  -------------  -------------
ROHlegend        1              1              1
total            1              1              1

Select jobs to execute...

[Wed Feb  2 19:20:11 2022]
rule ROHlegend:
    input: plotdata/plot_ROH.csv
    output: inkscape/ROHlegend.png
    jobid: 0
    resources: tmpdir=/tmp

Waiting at most 5 seconds for missing files.
MissingOutputException in line 23 of /mnt/diversity/divyaratan_popli/100arc/inbreeding/model_git/plots/Snakefile:
Job Missing files after 5 seconds:
inkscape/ROHlegend.png
This might be due to filesystem latency. If that is the case, consider to increase the wait time with --latency-wait.
Job id: 0 completed successfully, but some output files are missing. 0
Shutting down, this might take some time.
Exiting because a job execution failed. Look above for error message
Complete log: /mnt/diversity/divyaratan_popli/100arc/inbreeding/model_git/plots/.snakemake/log/2022-02-02T191957.729664.snakemake.log
