Building DAG of jobs...
Using shell: /usr/bin/bash
Provided cores: 1 (use --cores to define parallelism)
Rules claiming more threads will be scaled down.
Job counts:
	count	jobs
	1	comparisonplot
	1	comparisonplotf_supptable4
	2

[Fri Apr 29 12:01:59 2022]
rule comparisonplotf_supptable4:
    input: README
    output: plotdata/comparison_plot_data.csv.gz, ../supplementary_info/tables/supplementary_table4.csv
    jobid: 1

[Fri Apr 29 12:02:01 2022]
Finished job 1.
1 of 2 steps (50%) done

[Fri Apr 29 12:02:01 2022]
rule comparisonplot:
    input: plotdata/comparison_plot_data.csv.gz
    output: plotimg/comparison_plot.png
    jobid: 0

[Fri Apr 29 12:02:03 2022]
Finished job 0.
2 of 2 steps (100%) done
Complete log: /mnt/diversity/divyaratan_popli/100arc/inbreeding/model_git/plots/.snakemake/log/2022-04-29T120157.986296.snakemake.log
