Building DAG of jobs...
Using shell: /usr/bin/bash
Provided cores: 1 (use --cores to define parallelism)
Rules claiming more threads will be scaled down.
Job counts:
	count	jobs
	1	cutoffplot
	1	cutoffplotf
	2

[Fri Apr 29 12:00:52 2022]
rule cutoffplotf:
    input: README
    output: plotdata/contam0_inbred0_model_performance_allroc_asc0.csv.gz
    jobid: 1
    wildcards: cnt=0, inb=0, asc=0

[Fri Apr 29 12:01:20 2022]
Finished job 1.
1 of 2 steps (50%) done

[Fri Apr 29 12:01:20 2022]
rule cutoffplot:
    input: plotdata/contam0_inbred0_model_performance_allroc_asc0.csv.gz
    output: plotimg/contam0_inbred0_model_performance_allroc_asc0_plot.png
    jobid: 0
    wildcards: cnt=0, inb=0, asc=0

[Fri Apr 29 12:01:22 2022]
Finished job 0.
2 of 2 steps (100%) done
Complete log: /mnt/diversity/divyaratan_popli/100arc/inbreeding/model_git/plots/.snakemake/log/2022-04-29T120051.158557.snakemake.log
