Building DAG of jobs...
Using shell: /usr/bin/bash
Provided cores: 1 (use --cores to define parallelism)
Rules claiming more threads will be scaled down.
Job stats:
job          count    min threads    max threads
---------  -------  -------------  -------------
ROHlegend        1              1              1
total            1              1              1

Select jobs to execute...

[Mon May 16 21:30:40 2022]
rule ROHlegend:
    input: plotdata/plot_ROH.csv
    output: inkscape/ROHlegend.png
    jobid: 0
    resources: tmpdir=/tmp

[Mon May 16 21:30:42 2022]
Finished job 0.
1 of 1 steps (100%) done
Complete log: /mnt/diversity/divyaratan_popli/100arc/inbreeding/model_git/plots/.snakemake/log/2022-05-16T213037.953898.snakemake.log
